
> regis-grumberg-clone@0.0.0 build
> vite build

7:04:22 pm [vite] warning: `esbuild` option was specified by "vite:react-babel" plugin. This option is deprecated, please use `oxc` instead.
`optimizeDeps.rollupOptions` / `ssr.optimizeDeps.rollupOptions` is deprecated. Use `optimizeDeps.rolldownOptions` instead. Note that this option may be set by a plugin. Set VITE_DEPRECATION_TRACE=1 to see where it is called.
[vite:react-babel] We recommend switching to `@vitejs/plugin-react-oxc` for improved performance. More information at https://vite.dev/rolldown
[36mvite v8.0.1 [32mbuilding client environment for production...[36m[39m
[2K
DEPRECATION WARNING [if-function]: The Sass if() syntax is deprecated in favor of the modern CSS syntax.

Suggestion: if(sass($i > 5): ($i - 5) * 0.05; else: 0)

More info: https://sass-lang.com/d/if-function

    Γò╖
311 Γöé             --delay: #{if($i > 5, ($i - 5) * 0.05, 0) + 's'};
    Γöé                        ^^^^^^^^^^^^^^^^^^^^^^^^^^^^^^
    Γò╡
    D:\CLUB\DATA-Club-main\src\reactclone\src\components\scss\sCta.scss 311:24  root stylesheet

DEPRECATION WARNING [if-function]: The Sass if() syntax is deprecated in favor of the modern CSS syntax.

Suggestion: if(sass($alias): $alias; else: $value)

More info: https://sass-lang.com/d/if-function

   Γò╖
12 Γöé     $color: if($alias, $alias, $value);
   Γöé             ^^^^^^^^^^^^^^^^^^^^^^^^^^
   Γò╡
    D:\CLUB\DATA-Club-main\src\reactclone\src\styles\helpers\_colors.scss 12:13   @forward
    D:\CLUB\DATA-Club-main\src\reactclone\src\styles\_import.scss 12:1            @use
    D:\CLUB\DATA-Club-main\src\reactclone\src\components\scss\siteFoot.scss 1:36  root stylesheet

DEPRECATION WARNING [if-function]: The Sass if() syntax is deprecated in favor of the modern CSS syntax.

Suggestion: if(sass($alias): $alias; else: $value)

More info: https://sass-lang.com/d/if-function

   Γò╖
12 Γöé     $color: if($alias, $alias, $value);
   Γöé             ^^^^^^^^^^^^^^^^^^^^^^^^^^
   Γò╡
    D:\CLUB\DATA-Club-main\src\reactclone\src\styles\helpers\_colors.scss 12:13  @forward
    D:\CLUB\DATA-Club-main\src\reactclone\src\styles\_import.scss 12:1           @use
    D:\CLUB\DATA-Club-main\src\reactclone\src\components\scss\sCta.scss 1:36     root stylesheet

DEPRECATION WARNING [if-function]: The Sass if() syntax is deprecated in favor of the modern CSS syntax.

Suggestion: if(sass($alias): $alias; else: $value)

More info: https://sass-lang.com/d/if-function

   Γò╖
12 Γöé     $color: if($alias, $alias, $value);
   Γöé             ^^^^^^^^^^^^^^^^^^^^^^^^^^
   Γò╡
    D:\CLUB\DATA-Club-main\src\reactclone\src\styles\helpers\_colors.scss 12:13  @forward
    D:\CLUB\DATA-Club-main\src\reactclone\src\styles\_import.scss 12:1           @use
    D:\CLUB\DATA-Club-main\src\reactclone\src\components\scss\sMyWay.scss 1:36   root stylesheet

DEPRECATION WARNING [if-function]: The Sass if() syntax is deprecated in favor of the modern CSS syntax.

Suggestion: if(sass($alias): $alias; else: $value)

More info: https://sass-lang.com/d/if-function

   Γò╖
12 Γöé     $color: if($alias, $alias, $value);
   Γöé             ^^^^^^^^^^^^^^^^^^^^^^^^^^
   Γò╡
    D:\CLUB\DATA-Club-main\src\reactclone\src\styles\helpers\_colors.scss 12:13  @forward
    D:\CLUB\DATA-Club-main\src\reactclone\src\styles\_import.scss 12:1           @use
    D:\CLUB\DATA-Club-main\src\reactclone\src\components\scss\sAbout.scss 1:36   root stylesheet

DEPRECATION WARNING [if-function]: The Sass if() syntax is deprecated in favor of the modern CSS syntax.

Suggestion: if(sass($alias): $alias; else: $value)

More info: https://sass-lang.com/d/if-function

   Γò╖
12 Γöé     $color: if($alias, $alias, $value);
   Γöé             ^^^^^^^^^^^^^^^^^^^^^^^^^^
   Γò╡
    D:\CLUB\DATA-Club-main\src\reactclone\src\styles\helpers\_colors.scss 12:13  @forward
    D:\CLUB\DATA-Club-main\src\reactclone\src\styles\_import.scss 12:1           @use
    D:\CLUB\DATA-Club-main\src\reactclone\src\components\indexPage.scss 1:36     root stylesheet

DEPRECATION WARNING [if-function]: The Sass if() syntax is deprecated in favor of the modern CSS syntax.

Suggestion: if(sass($alias): $alias; else: $value)

More info: https://sass-lang.com/d/if-function

   Γò╖
12 Γöé     $color: if($alias, $alias, $value);
   Γöé             ^^^^^^^^^^^^^^^^^^^^^^^^^^
   Γò╡
    D:\CLUB\DATA-Club-main\src\reactclone\src\styles\helpers\_colors.scss 12:13  @forward
    D:\CLUB\DATA-Club-main\src\reactclone\src\styles\_import.scss 12:1           @use
    D:\CLUB\DATA-Club-main\src\reactclone\src\elements\awaves.scss 1:36          root stylesheet

DEPRECATION WARNING [if-function]: The Sass if() syntax is deprecated in favor of the modern CSS syntax.

Suggestion: if(sass($alias): $alias; else: $value)

More info: https://sass-lang.com/d/if-function

   Γò╖
12 Γöé     $color: if($alias, $alias, $value);
   Γöé             ^^^^^^^^^^^^^^^^^^^^^^^^^^
   Γò╡
    D:\CLUB\DATA-Club-main\src\reactclone\src\styles\helpers\_colors.scss 12:13        @forward
    D:\CLUB\DATA-Club-main\src\reactclone\src\styles\_import.scss 12:1                 @use
    D:\CLUB\DATA-Club-main\src\reactclone\src\components\scss\siteScrollbar.scss 1:36  root stylesheet

DEPRECATION WARNING [if-function]: The Sass if() syntax is deprecated in favor of the modern CSS syntax.

Suggestion: if(sass($alias): $alias; else: $value)

More info: https://sass-lang.com/d/if-function

   Γò╖
12 Γöé     $color: if($alias, $alias, $value);
   Γöé             ^^^^^^^^^^^^^^^^^^^^^^^^^^
   Γò╡
    D:\CLUB\DATA-Club-main\src\reactclone\src\styles\helpers\_colors.scss 12:13  @forward
    D:\CLUB\DATA-Club-main\src\reactclone\src\styles\_import.scss 12:1           @use
    D:\CLUB\DATA-Club-main\src\reactclone\src\components\scss\aWork.scss 1:36    root stylesheet

DEPRECATION WARNING [if-function]: The Sass if() syntax is deprecated in favor of the modern CSS syntax.

Suggestion: if(sass($alias): $alias; else: $value)

More info: https://sass-lang.com/d/if-function

   Γò╖
12 Γöé     $color: if($alias, $alias, $value);
   Γöé             ^^^^^^^^^^^^^^^^^^^^^^^^^^
   Γò╡
    D:\CLUB\DATA-Club-main\src\reactclone\src\styles\helpers\_colors.scss 12:13  @forward
    D:\CLUB\DATA-Club-main\src\reactclone\src\styles\_import.scss 12:1           @use
    D:\CLUB\DATA-Club-main\src\reactclone\src\components\scss\sWork.scss 1:36    root stylesheet

DEPRECATION WARNING [if-function]: The Sass if() syntax is deprecated in favor of the modern CSS syntax.

Suggestion: if(sass($alias): $alias; else: $value)

More info: https://sass-lang.com/d/if-function

   Γò╖
12 Γöé     $color: if($alias, $alias, $value);
   Γöé             ^^^^^^^^^^^^^^^^^^^^^^^^^^
   Γò╡
    D:\CLUB\DATA-Club-main\src\reactclone\src\styles\helpers\_colors.scss 12:13  @forward
    D:\CLUB\DATA-Club-main\src\reactclone\src\styles\_import.scss 12:1           @use
    D:\CLUB\DATA-Club-main\src\reactclone\src\components\scss\sHero.scss 1:36    root stylesheet

DEPRECATION WARNING [if-function]: The Sass if() syntax is deprecated in favor of the modern CSS syntax.

Suggestion: if(sass($alias): $alias; else: $value)

More info: https://sass-lang.com/d/if-function

   Γò╖
12 Γöé     $color: if($alias, $alias, $value);
   Γöé             ^^^^^^^^^^^^^^^^^^^^^^^^^^
   Γò╡
    D:\CLUB\DATA-Club-main\src\reactclone\src\styles\helpers\_colors.scss 12:13     @forward
    D:\CLUB\DATA-Club-main\src\reactclone\src\styles\_import.scss 12:1              @use
    D:\CLUB\DATA-Club-main\src\reactclone\src\components\scss\aSeparator.scss 1:36  root stylesheet

DEPRECATION WARNING [if-function]: The Sass if() syntax is deprecated in favor of the modern CSS syntax.

Suggestion: if(sass($alias): $alias; else: $value)

More info: https://sass-lang.com/d/if-function

   Γò╖
12 Γöé     $color: if($alias, $alias, $value);
   Γöé             ^^^^^^^^^^^^^^^^^^^^^^^^^^
   Γò╡
    D:\CLUB\DATA-Club-main\src\reactclone\src\styles\helpers\_colors.scss 12:13  @forward
    D:\CLUB\DATA-Club-main\src\reactclone\src\styles\_import.scss 12:1           @use
    D:\CLUB\DATA-Club-main\src\reactclone\src\styles\global.scss 1:36            root stylesheet

DEPRECATION WARNING [if-function]: The Sass if() syntax is deprecated in favor of the modern CSS syntax.

Suggestion: if(sass($alias): $alias; else: $value)

More info: https://sass-lang.com/d/if-function

   Γò╖
12 Γöé     $color: if($alias, $alias, $value);
   Γöé             ^^^^^^^^^^^^^^^^^^^^^^^^^^
   Γò╡
    D:\CLUB\DATA-Club-main\src\reactclone\src\styles\helpers\_colors.scss 12:13   @forward
    D:\CLUB\DATA-Club-main\src\reactclone\src\styles\_import.scss 12:1            @use
    D:\CLUB\DATA-Club-main\src\reactclone\src\components\scss\siteHead.scss 1:36  root stylesheet

transforming...Γ£ô 103 modules transformed.
rendering chunks...
computing gzip size...
dist/index.html                                1.68 kB Γöé gzip:   0.76 kB
dist/assets/roar-BvXyAVaL.jpg                 10.82 kB
dist/assets/portfolio-2014-ClRt5L9z.jpg       54.17 kB
dist/assets/portfolio-2021-D5EtPDWp.jpg       57.83 kB
dist/assets/Pen-5-CI9l33_j.mp4                63.97 kB
dist/assets/setup-2006-Op2RjVqP.jpg           75.83 kB
dist/assets/setup-2016-DZszJSwz.jpg           87.21 kB
dist/assets/portfolio-2011-DpFoQfUQ.jpg       93.57 kB
dist/assets/portfolio-2017-N-r3CKDK.jpg       94.10 kB
dist/assets/setup-2020-DjuS52Ke.jpg           95.28 kB
dist/assets/art-dtyw-BwdKK6hB.jpg            102.63 kB
dist/assets/first-fwa-LsgJSoFn.jpg           107.23 kB
dist/assets/art-1987-DuGYX_YQ.jpg            125.29 kB
dist/assets/art-lines-BXTmZZe3.jpg           187.05 kB
dist/assets/legos-Bdikeciy.jpg               267.04 kB
dist/assets/Pen-6-CMyHVvwm.mp4               601.45 kB
dist/assets/waaark-C5QpwSMH.png              767.55 kB
dist/assets/Pen-8-G-raKJSF.mp4               798.42 kB
dist/assets/Dummy-0DKC4DtP.mp4             1,031.41 kB
dist/assets/Pen-4-BOCLYASq.mp4             1,372.23 kB
dist/assets/Pen-7-BzyGmIZt.mp4             2,085.31 kB
dist/assets/BlankPage-DkW52R0Q.css             0.15 kB Γöé gzip:   0.13 kB
dist/assets/index-DL9rfeLx.css                 5.06 kB Γöé gzip:   1.63 kB
dist/assets/TheVoid-BGm2gxbS.css               7.40 kB Γöé gzip:   2.10 kB
dist/assets/sCta-BKh7PhIY.css                  9.32 kB Γöé gzip:   2.08 kB
dist/assets/ClubRegPage-Cj7CoDyY.css          14.78 kB Γöé gzip:   3.38 kB
dist/assets/ReactCloneApp-DQ68Vmhp.css        46.23 kB Γöé gzip:   7.79 kB
dist/assets/rolldown-runtime-DF2fYuay.js       0.55 kB Γöé gzip:   0.35 kB
dist/assets/BlankPage-qZzCkTQ6.js              1.12 kB Γöé gzip:   0.53 kB
dist/assets/TravelToAnimation-Dsn2W_HL.js      2.52 kB Γöé gzip:   0.97 kB
dist/assets/sCta-DlaDVf9j.js                   6.27 kB Γöé gzip:   2.33 kB
dist/assets/index-VfucPCRt.js                  7.27 kB Γöé gzip:   3.14 kB
dist/assets/vendor-gl-B5a-xrQg.js             17.26 kB Γöé gzip:   4.91 kB
dist/assets/TheVoid-BZnvqssd.js               30.29 kB Γöé gzip:  10.31 kB
dist/assets/ReactCloneApp-D6CMHxXy.js         36.81 kB Γöé gzip:  11.08 kB
dist/assets/ClubRegPage-N6A2BbwC.js           54.20 kB Γöé gzip:  10.26 kB
dist/assets/vendor-react-C7k5ar_D.js         136.06 kB Γöé gzip:  44.03 kB
dist/assets/vendor-gsap-CFn-9V5a.js          227.10 kB Γöé gzip:  88.72 kB
dist/assets/vendor-Bh-87mAC.js               665.58 kB Γöé gzip: 200.47 kB

[32mΓ£ô built in 4.82s[39m
