npm verbose cli C:\Program Files\nodejs\node.exe C:\Users\sanug\AppData\Roaming\npm\node_modules\npm\bin\npm-cli.js
npm info using npm@11.7.0
npm info using node@v22.18.0
npm verbose title npm install @vitejs/plugin-react-oxc
npm verbose argv "install" "@vitejs/plugin-react-oxc" "--save-dev" "--legacy-peer-deps" "--registry" "https://registry.npmjs.org/" "--loglevel" "verbose"
npm verbose logfile logs-max:10 dir:C:\Users\sanug\AppData\Local\npm-cache\_logs\2026-03-29T13_34_02_800Z-
npm verbose logfile C:\Users\sanug\AppData\Local\npm-cache\_logs\2026-03-29T13_34_02_800Z-debug-0.log
npm http cache https://registry.npmjs.org/@vitejs%2fplugin-react 28ms (cache hit)
npm http fetch GET 200 https://registry.npmjs.org/@vitejs%2fplugin-react-oxc 1592ms (cache revalidated)
npm http cache https://registry.npmjs.org/@rolldown%2fpluginutils 39ms (cache hit)
npm http cache https://registry.npmjs.org/@babel%2fcore 51ms (cache hit)
npm http cache https://registry.npmjs.org/@rolldown%2fpluginutils 56ms (cache hit)
npm http fetch GET 200 https://registry.npmjs.org/@types%2fbabel__core 119ms (cache revalidated)
npm http fetch GET 200 https://registry.npmjs.org/@babel%2fplugin-transform-react-jsx-self 274ms (cache revalidated)
npm http fetch GET 200 https://registry.npmjs.org/@babel%2fplugin-transform-react-jsx-source 285ms (cache revalidated)
npm http fetch GET 200 https://registry.npmjs.org/react-refresh 519ms (cache updated)
npm http fetch GET 200 https://registry.npmjs.org/gensync 160ms (cache revalidated)
npm http fetch GET 200 https://registry.npmjs.org/debug 174ms (cache revalidated)
npm http fetch GET 200 https://registry.npmjs.org/@babel%2ftypes 179ms (cache revalidated)
npm http fetch GET 200 https://registry.npmjs.org/json5 199ms (cache revalidated)
npm http fetch GET 200 https://registry.npmjs.org/@babel%2ftemplate 134ms (cache revalidated)
npm http fetch GET 200 https://registry.npmjs.org/@babel%2fgenerator 116ms (cache revalidated)
npm http fetch GET 200 https://registry.npmjs.org/@babel%2ftraverse 135ms (cache revalidated)
npm http fetch GET 200 https://registry.npmjs.org/semver 339ms (cache revalidated)
npm http fetch GET 200 https://registry.npmjs.org/@babel%2fparser 433ms (cache revalidated)
npm http fetch GET 200 https://registry.npmjs.org/@babel%2fhelpers 465ms (cache revalidated)
npm http fetch GET 200 https://registry.npmjs.org/@babel%2fcode-frame 287ms (cache revalidated)
npm http fetch GET 200 https://registry.npmjs.org/convert-source-map 245ms (cache revalidated)
npm http fetch GET 200 https://registry.npmjs.org/@babel%2fhelper-module-transforms 242ms (cache revalidated)
npm http fetch GET 200 https://registry.npmjs.org/@babel%2fhelper-compilation-targets 239ms (cache revalidated)
npm http fetch GET 200 https://registry.npmjs.org/@babel%2fhelper-plugin-utils 361ms (cache revalidated)
npm http fetch GET 200 https://registry.npmjs.org/@babel%2fhelper-plugin-utils 304ms (cache revalidated)
npm http fetch GET 200 https://registry.npmjs.org/@types%2fbabel__template 283ms (cache revalidated)
npm http fetch GET 200 https://registry.npmjs.org/@types%2fbabel__traverse 266ms (cache revalidated)
npm http fetch GET 200 https://registry.npmjs.org/@types%2fbabel__generator 213ms (cache revalidated)
npm http fetch GET 200 https://registry.npmjs.org/@babel%2fhelper-validator-identifier 122ms (cache revalidated)
npm http fetch GET 200 https://registry.npmjs.org/@babel%2fhelper-validator-identifier 130ms (cache revalidated)
npm http fetch GET 200 https://registry.npmjs.org/jsesc 137ms (cache revalidated)
npm http fetch GET 200 https://registry.npmjs.org/@babel%2fcompat-data 141ms (cache revalidated)
npm http fetch GET 200 https://registry.npmjs.org/lru-cache 147ms (cache revalidated)
npm http fetch GET 200 https://registry.npmjs.org/@babel%2fhelper-validator-option 153ms (cache revalidated)
npm http fetch GET 200 https://registry.npmjs.org/@babel%2fhelper-module-imports 155ms (cache revalidated)
npm http fetch GET 200 https://registry.npmjs.org/ms 109ms (cache revalidated)
npm http fetch GET 200 https://registry.npmjs.org/@babel%2fhelper-string-parser 123ms (cache revalidated)
npm http fetch GET 200 https://registry.npmjs.org/@babel%2fhelper-globals 137ms (cache revalidated)
npm http fetch GET 200 https://registry.npmjs.org/yallist 75ms (cache revalidated)
npm http cache yallist@https://registry.npmjs.org/yallist/-/yallist-3.1.1.tgz 0ms (cache hit)
npm http cache ms@https://registry.npmjs.org/ms/-/ms-2.1.3.tgz 0ms (cache hit)
npm http cache @babel/helper-globals@https://registry.npmjs.org/@babel/helper-globals/-/helper-globals-7.28.0.tgz 0ms (cache hit)
npm http cache @types/babel__template@https://registry.npmjs.org/@types/babel__template/-/babel__template-7.4.4.tgz 0ms (cache hit)
npm http cache @babel/helper-string-parser@https://registry.npmjs.org/@babel/helper-string-parser/-/helper-string-parser-7.27.1.tgz 0ms (cache hit)
npm http cache @types/babel__traverse@https://registry.npmjs.org/@types/babel__traverse/-/babel__traverse-7.28.0.tgz 0ms (cache hit)
npm http cache lru-cache@https://registry.npmjs.org/lru-cache/-/lru-cache-5.1.1.tgz 0ms (cache hit)
npm http cache @types/babel__generator@https://registry.npmjs.org/@types/babel__generator/-/babel__generator-7.27.0.tgz 0ms (cache hit)
npm http cache @babel/helper-plugin-utils@https://registry.npmjs.org/@babel/helper-plugin-utils/-/helper-plugin-utils-7.28.6.tgz 0ms (cache hit)
npm http cache @babel/helper-module-imports@https://registry.npmjs.org/@babel/helper-module-imports/-/helper-module-imports-7.28.6.tgz 0ms (cache hit)
npm http cache @babel/helper-validator-option@https://registry.npmjs.org/@babel/helper-validator-option/-/helper-validator-option-7.27.1.tgz 0ms (cache hit)
npm http cache @babel/compat-data@https://registry.npmjs.org/@babel/compat-data/-/compat-data-7.29.0.tgz 0ms (cache hit)
npm http cache jsesc@https://registry.npmjs.org/jsesc/-/jsesc-3.1.0.tgz 0ms (cache hit)
npm http cache @babel/helper-validator-identifier@https://registry.npmjs.org/@babel/helper-validator-identifier/-/helper-validator-identifier-7.28.5.tgz 0ms (cache hit)
npm http cache semver@https://registry.npmjs.org/semver/-/semver-6.3.1.tgz 0ms (cache hit)
npm http cache json5@https://registry.npmjs.org/json5/-/json5-2.2.3.tgz 0ms (cache hit)
npm http cache gensync@https://registry.npmjs.org/gensync/-/gensync-1.0.0-beta.2.tgz 0ms (cache hit)
npm http cache debug@https://registry.npmjs.org/debug/-/debug-4.4.3.tgz 0ms (cache hit)
npm http cache @babel/types@https://registry.npmjs.org/@babel/types/-/types-7.29.0.tgz 0ms (cache hit)
npm http cache convert-source-map@https://registry.npmjs.org/convert-source-map/-/convert-source-map-2.0.0.tgz 0ms (cache hit)
npm http cache @babel/template@https://registry.npmjs.org/@babel/template/-/template-7.28.6.tgz 0ms (cache hit)
npm http cache @babel/traverse@https://registry.npmjs.org/@babel/traverse/-/traverse-7.29.0.tgz 0ms (cache hit)
npm http cache @babel/helper-module-transforms@https://registry.npmjs.org/@babel/helper-module-transforms/-/helper-module-transforms-7.28.6.tgz 0ms (cache hit)
npm http cache @babel/parser@https://registry.npmjs.org/@babel/parser/-/parser-7.29.2.tgz 0ms (cache hit)
npm http cache @babel/helpers@https://registry.npmjs.org/@babel/helpers/-/helpers-7.29.2.tgz 0ms (cache hit)
npm http cache @babel/generator@https://registry.npmjs.org/@babel/generator/-/generator-7.29.1.tgz 0ms (cache hit)
npm http cache @babel/helper-compilation-targets@https://registry.npmjs.org/@babel/helper-compilation-targets/-/helper-compilation-targets-7.28.6.tgz 0ms (cache hit)
npm http cache @babel/code-frame@https://registry.npmjs.org/@babel/code-frame/-/code-frame-7.29.0.tgz 0ms (cache hit)
npm http cache react-refresh@https://registry.npmjs.org/react-refresh/-/react-refresh-0.17.0.tgz 0ms (cache hit)
npm http cache @types/babel__core@https://registry.npmjs.org/@types/babel__core/-/babel__core-7.20.5.tgz 0ms (cache hit)
npm http cache @rolldown/pluginutils@https://registry.npmjs.org/@rolldown/pluginutils/-/pluginutils-1.0.0-beta.27.tgz 0ms (cache hit)
npm http cache @babel/core@https://registry.npmjs.org/@babel/core/-/core-7.29.0.tgz 0ms (cache hit)
npm http cache @vitejs/plugin-react-oxc@https://registry.npmjs.org/@vitejs/plugin-react-oxc/-/plugin-react-oxc-0.4.3.tgz 0ms (cache hit)
npm http cache @babel/plugin-transform-react-jsx-self@https://registry.npmjs.org/@babel/plugin-transform-react-jsx-self/-/plugin-transform-react-jsx-self-7.27.1.tgz 0ms (cache hit)
npm http cache @babel/plugin-transform-react-jsx-source@https://registry.npmjs.org/@babel/plugin-transform-react-jsx-source/-/plugin-transform-react-jsx-source-7.27.1.tgz 0ms (cache hit)
npm http cache @vitejs/plugin-react@https://registry.npmjs.org/@vitejs/plugin-react/-/plugin-react-4.7.0.tgz 0ms (cache hit)
npm http cache @rolldown/pluginutils@https://registry.npmjs.org/@rolldown/pluginutils/-/pluginutils-1.0.0-beta.47.tgz 0ms (cache hit)
npm http fetch POST 200 https://registry.npmjs.org/-/npm/v1/security/advisories/bulk 341ms
npm http fetch GET 200 https://registry.npmjs.org/picomatch 560ms (cache revalidated)
npm http fetch GET 200 https://registry.npmjs.org/@rolldown/pluginutils/-/pluginutils-1.0.0-beta.47.tgz 1280ms (cache miss)
npm http fetch GET 200 https://registry.npmjs.org/@vitejs/plugin-react-oxc/-/plugin-react-oxc-0.4.3.tgz 1297ms (cache miss)
npm http fetch GET 200 https://registry.npmjs.org/tinyglobby 649ms (cache revalidated)
npm http fetch GET 200 https://registry.npmjs.org/vite 663ms (cache revalidated)
npm http fetch GET 200 https://registry.npmjs.org/@parcel%2fwatcher 754ms (cache revalidated)

added 37 packages, and audited 128 packages in 8s

23 packages are looking for funding
  run `npm fund` for details

1 high severity vulnerability

To address all issues, run:
  npm audit fix

Run `npm audit` for details.
npm verbose cwd D:\CLUB\DATA-Club-main
npm verbose os Windows_NT 10.0.26200
npm verbose node v22.18.0
npm verbose npm  v11.7.0
npm verbose exit 0
npm info ok
