npm verbose cli C:\Program Files\nodejs\node.exe C:\Users\sanug\AppData\Roaming\npm\node_modules\npm\bin\npm-cli.js
npm info using npm@11.7.0
npm info using node@v22.18.0
npm verbose title npm install @vitejs/plugin-react
npm verbose argv "install" "--save-dev" "@vitejs/plugin-react" "--registry" "https://registry.npmjs.org/" "--loglevel" "verbose"
npm verbose logfile logs-max:10 dir:C:\Users\sanug\AppData\Local\npm-cache\_logs\2026-03-29T13_33_43_005Z-
npm verbose logfile C:\Users\sanug\AppData\Local\npm-cache\_logs\2026-03-29T13_33_43_005Z-debug-0.log
npm http cache https://registry.npmjs.org/@vitejs%2fplugin-react 28ms (cache hit)
npm http cache https://registry.npmjs.org/vite 77ms (cache hit)
npm http cache https://registry.npmjs.org/vite 75ms (cache hit)
npm http cache https://registry.npmjs.org/@types%2fnode 36ms (cache hit)
npm http cache https://registry.npmjs.org/@vitejs%2fdevtools 14ms (cache hit)
npm http cache https://registry.npmjs.org/esbuild 8ms (cache hit)
npm http cache https://registry.npmjs.org/jiti 8ms (cache hit)
npm http cache https://registry.npmjs.org/less 8ms (cache hit)
npm http cache https://registry.npmjs.org/sass 10ms (cache hit)
npm http cache https://registry.npmjs.org/sass-embedded 8ms (cache hit)
npm http cache https://registry.npmjs.org/stylus 7ms (cache hit)
npm http cache https://registry.npmjs.org/sugarss 7ms (cache hit)
npm http cache https://registry.npmjs.org/postcss 9ms (cache hit)
npm http cache https://registry.npmjs.org/terser 13ms (cache hit)
npm http cache https://registry.npmjs.org/tsx 16ms (cache hit)
npm http cache https://registry.npmjs.org/yaml 8ms (cache hit)
npm verbose stack Error: unable to resolve dependency tree
npm verbose stack     at #failPeerConflict (C:\Users\sanug\AppData\Roaming\npm\node_modules\npm\node_modules\@npmcli\arborist\lib\arborist\build-ideal-tree.js:1404:25)
npm verbose stack     at #loadPeerSet (C:\Users\sanug\AppData\Roaming\npm\node_modules\npm\node_modules\@npmcli\arborist\lib\arborist\build-ideal-tree.js:1370:33)
npm verbose stack     at async #buildDepStep (C:\Users\sanug\AppData\Roaming\npm\node_modules\npm\node_modules\@npmcli\arborist\lib\arborist\build-ideal-tree.js:918:11)
npm verbose stack     at async Arborist.buildIdealTree (C:\Users\sanug\AppData\Roaming\npm\node_modules\npm\node_modules\@npmcli\arborist\lib\arborist\build-ideal-tree.js:170:7)
npm verbose stack     at async Promise.all (index 1)
npm verbose stack     at async Arborist.reify (C:\Users\sanug\AppData\Roaming\npm\node_modules\npm\node_modules\@npmcli\arborist\lib\arborist\reify.js:110:5)
npm verbose stack     at async Install.exec (C:\Users\sanug\AppData\Roaming\npm\node_modules\npm\lib\commands\install.js:150:5)
npm verbose stack     at async Npm.exec (C:\Users\sanug\AppData\Roaming\npm\node_modules\npm\lib\npm.js:208:9)
npm verbose stack     at async module.exports (C:\Users\sanug\AppData\Roaming\npm\node_modules\npm\lib\cli\entry.js:67:5)
npm error code ERESOLVE
npm error ERESOLVE unable to resolve dependency tree
npm error
npm error While resolving: regis-grumberg-clone@0.0.0
npm error Found: vite@8.0.3
npm error node_modules/vite
npm error   dev vite@"^8.0.1" from the root project
npm error   peer vite@"*" from @vitejs/devtools@0.1.11
npm error   node_modules/@vitejs/devtools
npm error     peerOptional @vitejs/devtools@"^0.1.0" from vite@8.0.3
npm error
npm error Could not resolve dependency:
npm error peer vite@"^4.2.0 || ^5.0.0 || ^6.0.0 || ^7.0.0" from @vitejs/plugin-react@4.7.0
npm error node_modules/@vitejs/plugin-react
npm error   dev @vitejs/plugin-react@"^4.3.4" from the root project
npm error
npm error Fix the upstream dependency conflict, or retry
npm error this command with --force or --legacy-peer-deps
npm error to accept an incorrect (and potentially broken) dependency resolution.
npm error
npm error
npm error For a full report see:
npm error C:\Users\sanug\AppData\Local\npm-cache\_logs\2026-03-29T13_33_43_005Z-eresolve-report.txt
npm verbose cwd D:\CLUB\DATA-Club-main
npm verbose os Windows_NT 10.0.26200
npm verbose node v22.18.0
npm verbose npm  v11.7.0
npm verbose exit 1
npm verbose code 1
npm error A complete log of this run can be found in: C:\Users\sanug\AppData\Local\npm-cache\_logs\2026-03-29T13_33_43_005Z-debug-0.log
